<?xml version="1.0" encoding="UTF-8"?>
<testng-results skipped="0" failed="0" total="2" passed="2">
  <reporter-output>
  </reporter-output>
  <suite name="Surefire suite" duration-ms="2703" started-at="2019-12-11T00:52:16Z" finished-at="2019-12-11T00:52:18Z">
    <groups>
    </groups>
    <test name="Surefire test" duration-ms="2703" started-at="2019-12-11T00:52:16Z" finished-at="2019-12-11T00:52:18Z">
      <class name="com.main.HelloWorld.Sample_Tests">
        <test-method status="PASS" signature="test()[pri:0, instance:com.main.HelloWorld.Sample_Tests@21bcffb5]" name="test" duration-ms="2" started-at="2019-12-10T16:52:18Z" finished-at="2019-12-10T16:52:18Z">
          <reporter-output>
          </reporter-output>
        </test-method> <!-- test -->
      </class> <!-- com.main.HelloWorld.Sample_Tests -->
      <class name="com.main.HelloWorld.HelloWorldTest">
        <test-method status="PASS" signature="initializeBrowser()[pri:0, instance:com.main.HelloWorld.HelloWorldTest@3796751b]" name="initializeBrowser" is-config="true" duration-ms="2644" started-at="2019-12-10T16:52:16Z" finished-at="2019-12-10T16:52:18Z">
          <reporter-output>
          </reporter-output>
        </test-method> <!-- initializeBrowser -->
        <test-method status="PASS" signature="test()[pri:0, instance:com.main.HelloWorld.HelloWorldTest@3796751b]" name="test" duration-ms="1" started-at="2019-12-10T16:52:18Z" finished-at="2019-12-10T16:52:18Z">
          <reporter-output>
          </reporter-output>
        </test-method> <!-- test -->
        <test-method status="PASS" signature="teardown()[pri:0, instance:com.main.HelloWorld.HelloWorldTest@3796751b]" name="teardown" is-config="true" duration-ms="47" started-at="2019-12-10T16:52:18Z" finished-at="2019-12-10T16:52:18Z">
          <reporter-output>
          </reporter-output>
        </test-method> <!-- teardown -->
      </class> <!-- com.main.HelloWorld.HelloWorldTest -->
    </test> <!-- Surefire test -->
  </suite> <!-- Surefire suite -->
</testng-results>
